/*C12*/SET SCHEMA PUBLIC
DELETE FROM EVENT_MODEL WHERE ID=81
DELETE FROM EVENT_MODEL WHERE ID=85
COMMIT
INSERT INTO EVENT_MODEL VALUES(86,'2019-06-20T12:00:00','2019-06-19','Zakupy')
INSERT INTO EVENT_MODEL VALUES(87,'','2019-06-20','Obiad')
INSERT INTO EVENT_MODEL VALUES(88,'2019-06-22T20:00:00','2019-06-22T15:00:00','Praca domowa')
ALTER SEQUENCE PUBLIC.HIBERNATE_SEQUENCE RESTART WITH 89
COMMIT
INSERT INTO EVENT_MODEL VALUES(89,'2019-06-10','2019-06-08','fhkjahfkja')
ALTER SEQUENCE PUBLIC.HIBERNATE_SEQUENCE RESTART WITH 90
COMMIT
INSERT INTO EVENT_MODEL VALUES(90,'2019-06-12T20:09:00','2019-06-12T19:09:00',',mfahkhak')
ALTER SEQUENCE PUBLIC.HIBERNATE_SEQUENCE RESTART WITH 91
COMMIT
DELETE FROM EVENT_MODEL WHERE ID=90
INSERT INTO EVENT_MODEL VALUES(90,'2019-06-13T21:09:00','2019-06-13T20:09:00','Kawa')
COMMIT
DELETE FROM EVENT_MODEL WHERE ID=89
COMMIT
DELETE FROM EVENT_MODEL WHERE ID=90
COMMIT
INSERT INTO EVENT_MODEL VALUES(91,'2019-06-06','2019-06-06','')
ALTER SEQUENCE PUBLIC.HIBERNATE_SEQUENCE RESTART WITH 92
COMMIT
DELETE FROM EVENT_MODEL WHERE ID=91
COMMIT
INSERT INTO EVENT_MODEL VALUES(92,'2019-06-06','2019-06-06','')
ALTER SEQUENCE PUBLIC.HIBERNATE_SEQUENCE RESTART WITH 93
COMMIT
DELETE FROM EVENT_MODEL WHERE ID=92
COMMIT
DELETE FROM EVENT_MODEL WHERE ID=88
COMMIT
DELETE FROM EVENT_MODEL WHERE ID=86
COMMIT
